<?xml version="1.0" encoding="UTF-8"?>
<testsuite name="com.eci.cosw.springbootsecureapi.SpringBootSecureApiApplicationTests" tests="1" skipped="0" failures="0" errors="0" timestamp="2020-10-18T22:51:33" hostname="DESKTOP-993EH1G" time="0.277">
  <properties/>
  <testcase name="contextLoads" classname="com.eci.cosw.springbootsecureapi.SpringBootSecureApiApplicationTests" time="0.277"/>
  <system-out><![CDATA[17:51:30.728 [Test worker] DEBUG org.springframework.test.context.junit4.SpringJUnit4ClassRunner - SpringJUnit4ClassRunner constructor called with [class com.eci.cosw.springbootsecureapi.SpringBootSecureApiApplicationTests]
17:51:30.739 [Test worker] DEBUG org.springframework.test.context.BootstrapUtils - Instantiating CacheAwareContextLoaderDelegate from class [org.springframework.test.context.cache.DefaultCacheAwareContextLoaderDelegate]
17:51:30.750 [Test worker] DEBUG org.springframework.test.context.BootstrapUtils - Instantiating BootstrapContext using constructor [public org.springframework.test.context.support.DefaultBootstrapContext(java.lang.Class,org.springframework.test.context.CacheAwareContextLoaderDelegate)]
17:51:30.769 [Test worker] DEBUG org.springframework.test.context.BootstrapUtils - Instantiating TestContextBootstrapper for test class [com.eci.cosw.springbootsecureapi.SpringBootSecureApiApplicationTests] from class [org.springframework.boot.test.context.SpringBootTestContextBootstrapper]
17:51:30.783 [Test worker] INFO org.springframework.boot.test.context.SpringBootTestContextBootstrapper - Neither @ContextConfiguration nor @ContextHierarchy found for test class [com.eci.cosw.springbootsecureapi.SpringBootSecureApiApplicationTests], using SpringBootContextLoader
17:51:30.786 [Test worker] DEBUG org.springframework.test.context.support.AbstractContextLoader - Did not detect default resource location for test class [com.eci.cosw.springbootsecureapi.SpringBootSecureApiApplicationTests]: class path resource [com/eci/cosw/springbootsecureapi/SpringBootSecureApiApplicationTests-context.xml] does not exist
17:51:30.787 [Test worker] DEBUG org.springframework.test.context.support.AbstractContextLoader - Did not detect default resource location for test class [com.eci.cosw.springbootsecureapi.SpringBootSecureApiApplicationTests]: class path resource [com/eci/cosw/springbootsecureapi/SpringBootSecureApiApplicationTestsContext.groovy] does not exist
17:51:30.787 [Test worker] INFO org.springframework.test.context.support.AbstractContextLoader - Could not detect default resource locations for test class [com.eci.cosw.springbootsecureapi.SpringBootSecureApiApplicationTests]: no resource found for suffixes {-context.xml, Context.groovy}.
17:51:30.788 [Test worker] INFO org.springframework.test.context.support.AnnotationConfigContextLoaderUtils - Could not detect default configuration classes for test class [com.eci.cosw.springbootsecureapi.SpringBootSecureApiApplicationTests]: SpringBootSecureApiApplicationTests does not declare any static, non-private, non-final, nested classes annotated with @Configuration.
17:51:30.839 [Test worker] DEBUG org.springframework.test.context.support.ActiveProfilesUtils - Could not find an 'annotation declaring class' for annotation type [org.springframework.test.context.ActiveProfiles] and class [com.eci.cosw.springbootsecureapi.SpringBootSecureApiApplicationTests]
17:51:30.913 [Test worker] DEBUG org.springframework.context.annotation.ClassPathScanningCandidateComponentProvider - Identified candidate component class: file [D:\Documents\2020-2\IETI\labs\LAB8-IETI\2.2-spring-boot-secure-api-react\build\classes\java\main\com\eci\cosw\springbootsecureapi\SpringBootSecureApiApplication.class]
17:51:30.914 [Test worker] INFO org.springframework.boot.test.context.SpringBootTestContextBootstrapper - Found @SpringBootConfiguration com.eci.cosw.springbootsecureapi.SpringBootSecureApiApplication for test class com.eci.cosw.springbootsecureapi.SpringBootSecureApiApplicationTests
17:51:31.034 [Test worker] DEBUG org.springframework.boot.test.context.SpringBootTestContextBootstrapper - @TestExecutionListeners is not present for class [com.eci.cosw.springbootsecureapi.SpringBootSecureApiApplicationTests]: using defaults.
17:51:31.035 [Test worker] INFO org.springframework.boot.test.context.SpringBootTestContextBootstrapper - Loaded default TestExecutionListener class names from location [META-INF/spring.factories]: [org.springframework.boot.test.autoconfigure.restdocs.RestDocsTestExecutionListener, org.springframework.boot.test.autoconfigure.web.client.MockRestServiceServerResetTestExecutionListener, org.springframework.boot.test.autoconfigure.web.servlet.MockMvcPrintOnlyOnFailureTestExecutionListener, org.springframework.boot.test.autoconfigure.web.servlet.WebDriverTestExecutionListener, org.springframework.boot.test.mock.mockito.MockitoTestExecutionListener, org.springframework.boot.test.mock.mockito.ResetMocksTestExecutionListener, org.springframework.test.context.web.ServletTestExecutionListener, org.springframework.test.context.support.DirtiesContextBeforeModesTestExecutionListener, org.springframework.test.context.support.DependencyInjectionTestExecutionListener, org.springframework.test.context.support.DirtiesContextTestExecutionListener, org.springframework.test.context.transaction.TransactionalTestExecutionListener, org.springframework.test.context.jdbc.SqlScriptsTestExecutionListener]
17:51:31.049 [Test worker] DEBUG org.springframework.boot.test.context.SpringBootTestContextBootstrapper - Skipping candidate TestExecutionListener [org.springframework.test.context.transaction.TransactionalTestExecutionListener] due to a missing dependency. Specify custom listener classes or make the default listener classes and their required dependencies available. Offending class: [org/springframework/transaction/interceptor/TransactionAttributeSource]
17:51:31.050 [Test worker] DEBUG org.springframework.boot.test.context.SpringBootTestContextBootstrapper - Skipping candidate TestExecutionListener [org.springframework.test.context.jdbc.SqlScriptsTestExecutionListener] due to a missing dependency. Specify custom listener classes or make the default listener classes and their required dependencies available. Offending class: [org/springframework/transaction/interceptor/TransactionAttribute]
17:51:31.050 [Test worker] INFO org.springframework.boot.test.context.SpringBootTestContextBootstrapper - Using TestExecutionListeners: [org.springframework.test.context.web.ServletTestExecutionListener@1416e0f2, org.springframework.test.context.support.DirtiesContextBeforeModesTestExecutionListener@798ad945, org.springframework.boot.test.mock.mockito.MockitoTestExecutionListener@4de515de, org.springframework.boot.test.autoconfigure.SpringBootDependencyInjectionTestExecutionListener@46b66a2d, org.springframework.test.context.support.DirtiesContextTestExecutionListener@65840379, org.springframework.boot.test.autoconfigure.restdocs.RestDocsTestExecutionListener@4a6bbe7d, org.springframework.boot.test.autoconfigure.web.client.MockRestServiceServerResetTestExecutionListener@2fc5090b, org.springframework.boot.test.autoconfigure.web.servlet.MockMvcPrintOnlyOnFailureTestExecutionListener@5ad7e9dc, org.springframework.boot.test.autoconfigure.web.servlet.WebDriverTestExecutionListener@1f0da634, org.springframework.boot.test.mock.mockito.ResetMocksTestExecutionListener@8027bfe]
17:51:31.054 [Test worker] DEBUG org.springframework.test.annotation.ProfileValueUtils - Retrieved @ProfileValueSourceConfiguration [null] for test class [com.eci.cosw.springbootsecureapi.SpringBootSecureApiApplicationTests]
17:51:31.055 [Test worker] DEBUG org.springframework.test.annotation.ProfileValueUtils - Retrieved ProfileValueSource type [class org.springframework.test.annotation.SystemProfileValueSource] for class [com.eci.cosw.springbootsecureapi.SpringBootSecureApiApplicationTests]
17:51:31.056 [Test worker] DEBUG org.springframework.test.annotation.ProfileValueUtils - Retrieved @ProfileValueSourceConfiguration [null] for test class [com.eci.cosw.springbootsecureapi.SpringBootSecureApiApplicationTests]
17:51:31.057 [Test worker] DEBUG org.springframework.test.annotation.ProfileValueUtils - Retrieved ProfileValueSource type [class org.springframework.test.annotation.SystemProfileValueSource] for class [com.eci.cosw.springbootsecureapi.SpringBootSecureApiApplicationTests]
17:51:31.062 [Test worker] DEBUG org.springframework.test.context.support.AbstractDirtiesContextTestExecutionListener - Before test class: context [DefaultTestContext@2a1022c2 testClass = SpringBootSecureApiApplicationTests, testInstance = [null], testMethod = [null], testException = [null], mergedContextConfiguration = [WebMergedContextConfiguration@4ad342f1 testClass = SpringBootSecureApiApplicationTests, locations = '{}', classes = '{class com.eci.cosw.springbootsecureapi.SpringBootSecureApiApplication}', contextInitializerClasses = '[]', activeProfiles = '{}', propertySourceLocations = '{}', propertySourceProperties = '{org.springframework.boot.test.context.SpringBootTestContextBootstrapper=true}', contextCustomizers = set[org.springframework.boot.test.autoconfigure.properties.PropertyMappingContextCustomizer@0, org.springframework.boot.test.autoconfigure.web.servlet.WebDriverContextCustomizerFactory$Customizer@7c54d259, org.springframework.boot.test.context.filter.ExcludeFilterContextCustomizer@7df79210, org.springframework.boot.test.json.DuplicateJsonObjectContextCustomizerFactory$DuplicateJsonObjectContextCustomizer@3ac5a92b, org.springframework.boot.test.mock.mockito.MockitoContextCustomizer@0, org.springframework.boot.test.web.client.TestRestTemplateContextCustomizer@27e5be23], resourceBasePath = 'src/main/webapp', contextLoader = 'org.springframework.boot.test.context.SpringBootContextLoader', parent = [null]], attributes = map['org.springframework.test.context.web.ServletTestExecutionListener.activateListener' -> true]], class annotated with @DirtiesContext [false] with mode [null].
17:51:31.063 [Test worker] DEBUG org.springframework.test.annotation.ProfileValueUtils - Retrieved @ProfileValueSourceConfiguration [null] for test class [com.eci.cosw.springbootsecureapi.SpringBootSecureApiApplicationTests]
17:51:31.063 [Test worker] DEBUG org.springframework.test.annotation.ProfileValueUtils - Retrieved ProfileValueSource type [class org.springframework.test.annotation.SystemProfileValueSource] for class [com.eci.cosw.springbootsecureapi.SpringBootSecureApiApplicationTests]
17:51:31.084 [Test worker] DEBUG org.springframework.test.context.support.TestPropertySourceUtils - Adding inlined properties to environment: {spring.jmx.enabled=false, org.springframework.boot.test.context.SpringBootTestContextBootstrapper=true, server.port=-1}

  .   ____          _            __ _ _
 /\\ / ___'_ __ _ _(_)_ __  __ _ \ \ \ \
( ( )\___ | '_ | '_| | '_ \/ _` | \ \ \ \
 \\/  ___)| |_)| | | | | || (_| |  ) ) ) )
  '  |____| .__|_| |_|_| |_\__, | / / / /
 =========|_|==============|___/=/_/_/_/
 :: Spring Boot ::        (v2.1.3.RELEASE)

2020-10-18 17:51:31.378  WARN 12816 --- [    Test worker] ory$DuplicateJsonObjectContextCustomizer : 

Found multiple occurrences of org.json.JSONObject on the class path:

	jar:file:/C:/Users/Admin/.gradle/caches/modules-2/files-2.1/org.json/json/20090211/c183aa3a2a6250293808bba12262c8920ce5a51c/json-20090211.jar!/org/json/JSONObject.class
	jar:file:/C:/Users/Admin/.gradle/caches/modules-2/files-2.1/com.vaadin.external.google/android-json/0.0.20131108.vaadin1/fa26d351fe62a6a17f5cda1287c1c6110dec413f/android-json-0.0.20131108.vaadin1.jar!/org/json/JSONObject.class

You may wish to exclude one of them to ensure predictable runtime behavior

2020-10-18 17:51:31.399  INFO 12816 --- [    Test worker] .c.s.SpringBootSecureApiApplicationTests : Starting SpringBootSecureApiApplicationTests on DESKTOP-993EH1G with PID 12816 (started by Admin in D:\Documents\2020-2\IETI\labs\LAB8-IETI\2.2-spring-boot-secure-api-react)
2020-10-18 17:51:31.400  INFO 12816 --- [    Test worker] .c.s.SpringBootSecureApiApplicationTests : No active profile set, falling back to default profiles: default
2020-10-18 17:51:33.146  INFO 12816 --- [    Test worker] o.s.s.concurrent.ThreadPoolTaskExecutor  : Initializing ExecutorService 'applicationTaskExecutor'
2020-10-18 17:51:33.545  INFO 12816 --- [    Test worker] .c.s.SpringBootSecureApiApplicationTests : Started SpringBootSecureApiApplicationTests in 2.452 seconds (JVM running for 3.714)
]]></system-out>
  <system-err><![CDATA[]]></system-err>
</testsuite>
